app/build/intermediates/manifest_merge_blame_file/debug/manifest-merger-blame-debug-report.txt
1<?xml version="1.0" encoding="utf-8"?>
2<manifest xmlns:android="http://schemas.android.com/apk/res/android"
3    package="com.example.poetrious"
4    android:versionCode="1"
5    android:versionName="1.0" >
6
7    <uses-sdk
8        android:minSdkVersion="21"
8-->src\main\AndroidManifest.xml
9        android:targetSdkVersion="29" />
9-->src\main\AndroidManifest.xml
10
11    <uses-permission android:name="android.permission.READ_EXTERNAL_STORAGE" />
11-->src\main\AndroidManifest.xml:7:5-80
11-->src\main\AndroidManifest.xml:7:22-77
12    <uses-permission android:name="android.permission.WRITE_EXTERNAL_STORAGE" />
12-->src\main\AndroidManifest.xml:8:5-81
12-->src\main\AndroidManifest.xml:8:22-78
13    <uses-permission android:name="android.permission.INTERNET" />
13-->src\main\AndroidManifest.xml:10:5-67
13-->src\main\AndroidManifest.xml:10:22-64
14    <uses-permission android:name="android.permission.READ_PHONE_STATE" />
14-->src\main\AndroidManifest.xml:11:5-75
14-->src\main\AndroidManifest.xml:11:22-72
15    <uses-permission android:name="com.google.android.c2dm.permission.RECEIVE" />
15-->src\main\AndroidManifest.xml:12:5-82
15-->src\main\AndroidManifest.xml:12:22-79
16    <uses-permission android:name="android.permission.READ_CONTACTS" />
16-->src\main\AndroidManifest.xml:13:5-72
16-->src\main\AndroidManifest.xml:13:22-69
17
18    <uses-feature
18-->src\main\AndroidManifest.xml:15:5-17:35
19        android:name="android.hardware.camera.any"
19-->src\main\AndroidManifest.xml:16:9-51
20        android:required="true" />
20-->src\main\AndroidManifest.xml:17:9-32
21    <uses-feature
21-->src\main\AndroidManifest.xml:18:5-20:36
22        android:name="android.hardware.camera.autofocus"
22-->src\main\AndroidManifest.xml:19:9-57
23        android:required="false" />
23-->src\main\AndroidManifest.xml:20:9-33
24
25    <uses-permission android:name="android.permission.CAMERA" />
25-->src\main\AndroidManifest.xml:22:5-65
25-->src\main\AndroidManifest.xml:22:22-62
26
27    <!-- Although the *SdkVersion is captured in gradle build files, this is required for non gradle builds -->
28    <!-- <uses-sdk android:minSdkVersion="14"/> -->
29    <uses-permission android:name="android.permission.ACCESS_NETWORK_STATE" />
29-->[com.google.firebase:firebase-storage:19.1.1] AndroidManifest.xml:26:5-79
29-->[com.google.firebase:firebase-storage:19.1.1] AndroidManifest.xml:26:22-76
30    <uses-permission android:name="android.permission.WAKE_LOCK" />
30-->[com.google.firebase:firebase-iid:20.2.3] AndroidManifest.xml:24:5-68
30-->[com.google.firebase:firebase-iid:20.2.3] AndroidManifest.xml:24:22-65
31
32    <application
32-->src\main\AndroidManifest.xml:24:5-112:19
33        android:name="com.example.poetrious.Offline"
33-->src\main\AndroidManifest.xml:25:9-32
34        android:allowBackup="true"
34-->src\main\AndroidManifest.xml:26:9-35
35        android:appComponentFactory="androidx.core.app.CoreComponentFactory"
35-->[androidx.core:core:1.3.0] AndroidManifest.xml:24:18-86
36        android:debuggable="true"
37        android:icon="@drawable/sp"
37-->src\main\AndroidManifest.xml:27:9-36
38        android:label="@string/app_name"
38-->src\main\AndroidManifest.xml:29:9-41
39        android:launchMode="singleInstance"
39-->src\main\AndroidManifest.xml:30:9-44
40        android:noHistory="true"
40-->src\main\AndroidManifest.xml:31:9-33
41        android:requestLegacyExternalStorage="true"
41-->src\main\AndroidManifest.xml:28:9-52
42        android:supportsRtl="true"
42-->src\main\AndroidManifest.xml:33:9-35
43        android:testOnly="true"
44        android:theme="@style/AppTheme" >
44-->src\main\AndroidManifest.xml:34:9-40
45        <activity
45-->src\main\AndroidManifest.xml:36:9-37:51
46            android:name="com.example.poetrious.Activities.Follower_Following"
46-->src\main\AndroidManifest.xml:36:19-64
47            android:screenOrientation="portrait" />
47-->src\main\AndroidManifest.xml:37:13-49
48        <activity
48-->src\main\AndroidManifest.xml:38:9-39:51
49            android:name="com.example.poetrious.Activities.MyPost"
49-->src\main\AndroidManifest.xml:38:19-52
50            android:screenOrientation="portrait" />
50-->src\main\AndroidManifest.xml:39:13-49
51        <activity
51-->src\main\AndroidManifest.xml:40:9-44:51
52            android:name="com.example.poetrious.Activities.Drawer"
52-->src\main\AndroidManifest.xml:41:13-46
53            android:label="@string/title_activity_drawer"
53-->src\main\AndroidManifest.xml:42:13-58
54            android:screenOrientation="portrait"
54-->src\main\AndroidManifest.xml:44:13-49
55            android:theme="@style/AppTheme.NoActionBar" />
55-->src\main\AndroidManifest.xml:43:13-56
56        <activity
56-->src\main\AndroidManifest.xml:45:9-46:51
57            android:name="com.example.poetrious.Activities.UsersPost"
57-->src\main\AndroidManifest.xml:45:19-55
58            android:screenOrientation="portrait" />
58-->src\main\AndroidManifest.xml:46:13-49
59        <activity
59-->src\main\AndroidManifest.xml:47:9-48:51
60            android:name="com.example.poetrious.Activities.LikesActivity"
60-->src\main\AndroidManifest.xml:47:19-59
61            android:screenOrientation="portrait" />
61-->src\main\AndroidManifest.xml:48:13-49
62        <activity
62-->src\main\AndroidManifest.xml:49:9-50:51
63            android:name="com.example.poetrious.Activities.Image_viewer"
63-->src\main\AndroidManifest.xml:49:19-58
64            android:screenOrientation="portrait" />
64-->src\main\AndroidManifest.xml:50:13-49
65        <activity
65-->src\main\AndroidManifest.xml:51:9-52:51
66            android:name="com.example.poetrious.Activities.EditProfile"
66-->src\main\AndroidManifest.xml:51:19-57
67            android:screenOrientation="portrait" />
67-->src\main\AndroidManifest.xml:52:13-49
68        <activity
68-->src\main\AndroidManifest.xml:53:9-54:51
69            android:name="com.example.poetrious.Activities.ChatActivity"
69-->src\main\AndroidManifest.xml:53:19-58
70            android:screenOrientation="portrait" />
70-->src\main\AndroidManifest.xml:54:13-49
71        <activity
71-->src\main\AndroidManifest.xml:55:9-56:51
72            android:name="com.example.poetrious.Activities.Users_profile"
72-->src\main\AndroidManifest.xml:55:19-59
73            android:screenOrientation="portrait" />
73-->src\main\AndroidManifest.xml:56:13-49
74        <activity
74-->src\main\AndroidManifest.xml:57:9-59:52
75            android:name="com.example.poetrious.Activities.Comment_Activity"
75-->src\main\AndroidManifest.xml:58:13-56
76            android:screenOrientation="portrait" />
76-->src\main\AndroidManifest.xml:59:13-49
77        <activity
77-->src\main\AndroidManifest.xml:60:9-62:52
78            android:name="com.example.poetrious.Activities.Add_Profile"
78-->src\main\AndroidManifest.xml:61:13-51
79            android:screenOrientation="portrait" />
79-->src\main\AndroidManifest.xml:62:13-49
80        <activity
80-->src\main\AndroidManifest.xml:63:9-65:52
81            android:name="com.example.poetrious.Activities.Login"
81-->src\main\AndroidManifest.xml:64:13-45
82            android:screenOrientation="portrait" />
82-->src\main\AndroidManifest.xml:65:13-49
83        <activity
83-->src\main\AndroidManifest.xml:66:9-68:52
84            android:name="com.example.poetrious.Activities.MainActivity"
84-->src\main\AndroidManifest.xml:67:13-52
85            android:screenOrientation="portrait" />
85-->src\main\AndroidManifest.xml:68:13-49
86        <activity
86-->src\main\AndroidManifest.xml:69:9-71:52
87            android:name="com.example.poetrious.Activities.PostActivity"
87-->src\main\AndroidManifest.xml:70:13-52
88            android:screenOrientation="portrait" />
88-->src\main\AndroidManifest.xml:71:13-49
89        <activity
89-->src\main\AndroidManifest.xml:72:9-80:20
90            android:name="com.example.poetrious.Activities.SplashScreen"
90-->src\main\AndroidManifest.xml:73:13-52
91            android:screenOrientation="portrait" >
91-->src\main\AndroidManifest.xml:74:13-49
92            <intent-filter>
92-->src\main\AndroidManifest.xml:75:13-79:29
93                <action android:name="android.intent.action.MAIN" />
93-->src\main\AndroidManifest.xml:76:17-69
93-->src\main\AndroidManifest.xml:76:25-66
94
95                <category android:name="android.intent.category.LAUNCHER" />
95-->src\main\AndroidManifest.xml:78:17-77
95-->src\main\AndroidManifest.xml:78:27-74
96            </intent-filter>
97        </activity>
98
99        <meta-data
99-->src\main\AndroidManifest.xml:82:9-84:57
100            android:name="preloaded_fonts"
100-->src\main\AndroidManifest.xml:83:13-43
101            android:resource="@array/preloaded_fonts" /> <!-- <service android:name=".SendNotification.MyFirebaseIdService" android:exported="true" android:enabled="true"> -->
101-->src\main\AndroidManifest.xml:84:13-54
102        <service
102-->src\main\AndroidManifest.xml:85:9-92:19
103            android:name="com.example.poetrious.Notification.MyFirebaseIdService"
103-->src\main\AndroidManifest.xml:86:13-61
104            android:enabled="true"
104-->src\main\AndroidManifest.xml:87:13-35
105            android:exported="true" >
105-->src\main\AndroidManifest.xml:88:13-36
106            <intent-filter>
106-->src\main\AndroidManifest.xml:89:13-91:29
107                <action android:name="com.google.firebase.INSTANCE_ID_EVENT" />
107-->src\main\AndroidManifest.xml:90:17-80
107-->src\main\AndroidManifest.xml:90:25-77
108            </intent-filter>
109        </service>
110        <service
110-->src\main\AndroidManifest.xml:93:9-100:19
111            android:name="com.example.poetrious.Notification.MyFirebaseMessaging"
111-->src\main\AndroidManifest.xml:94:13-61
112            android:enabled="true"
112-->src\main\AndroidManifest.xml:95:13-35
113            android:exported="true" >
113-->src\main\AndroidManifest.xml:96:13-36
114            <intent-filter>
114-->src\main\AndroidManifest.xml:97:13-99:29
115                <action android:name="com.google.firebase.MESSAGING_EVENT" />
115-->src\main\AndroidManifest.xml:98:17-78
115-->src\main\AndroidManifest.xml:98:25-75
116            </intent-filter>
117        </service>
118
119        <provider
119-->src\main\AndroidManifest.xml:102:9-111:20
120            android:name="androidx.core.content.FileProvider"
120-->src\main\AndroidManifest.xml:103:13-62
121            android:authorities="com.mydomain.fileproviderr"
121-->src\main\AndroidManifest.xml:104:13-61
122            android:exported="false"
122-->src\main\AndroidManifest.xml:105:13-37
123            android:grantUriPermissions="true" >
123-->src\main\AndroidManifest.xml:106:13-47
124            <meta-data
124-->src\main\AndroidManifest.xml:108:13-110:58
125                android:name="android.support.FILE_PROVIDER_PATHS"
125-->src\main\AndroidManifest.xml:109:17-67
126                android:resource="@xml/provider_paths" />
126-->src\main\AndroidManifest.xml:110:17-55
127        </provider>
128
129        <service
129-->[com.google.firebase:firebase-storage:19.1.1] AndroidManifest.xml:30:9-36:19
130            android:name="com.google.firebase.components.ComponentDiscoveryService"
130-->[com.google.firebase:firebase-storage:19.1.1] AndroidManifest.xml:31:13-84
131            android:directBootAware="true"
131-->[com.google.firebase:firebase-common:19.3.0] AndroidManifest.xml:34:13-43
132            android:exported="false" >
132-->[com.google.firebase:firebase-storage:19.1.1] AndroidManifest.xml:32:13-37
133            <meta-data
133-->[com.google.firebase:firebase-storage:19.1.1] AndroidManifest.xml:33:13-35:85
134                android:name="com.google.firebase.components:com.google.firebase.storage.StorageRegistrar"
134-->[com.google.firebase:firebase-storage:19.1.1] AndroidManifest.xml:34:17-107
135                android:value="com.google.firebase.components.ComponentRegistrar" />
135-->[com.google.firebase:firebase-storage:19.1.1] AndroidManifest.xml:35:17-82
136            <meta-data
136-->[com.google.firebase:firebase-database:19.3.1] AndroidManifest.xml:32:13-34:85
137                android:name="com.google.firebase.components:com.google.firebase.database.DatabaseRegistrar"
137-->[com.google.firebase:firebase-database:19.3.1] AndroidManifest.xml:33:17-109
138                android:value="com.google.firebase.components.ComponentRegistrar" />
138-->[com.google.firebase:firebase-database:19.3.1] AndroidManifest.xml:34:17-82
139            <meta-data
139-->[com.google.firebase:firebase-auth:19.3.2] AndroidManifest.xml:36:13-38:85
140                android:name="com.google.firebase.components:com.google.firebase.auth.FirebaseAuthRegistrar"
140-->[com.google.firebase:firebase-auth:19.3.2] AndroidManifest.xml:37:17-109
141                android:value="com.google.firebase.components.ComponentRegistrar" />
141-->[com.google.firebase:firebase-auth:19.3.2] AndroidManifest.xml:38:17-82
142            <meta-data
142-->[com.google.firebase:firebase-messaging:20.2.4] AndroidManifest.xml:39:13-41:85
143                android:name="com.google.firebase.components:com.google.firebase.messaging.FirebaseMessagingRegistrar"
143-->[com.google.firebase:firebase-messaging:20.2.4] AndroidManifest.xml:40:17-119
144                android:value="com.google.firebase.components.ComponentRegistrar" />
144-->[com.google.firebase:firebase-messaging:20.2.4] AndroidManifest.xml:41:17-82
145            <meta-data
145-->[com.google.firebase:firebase-iid:20.2.3] AndroidManifest.xml:32:13-34:85
146                android:name="com.google.firebase.components:com.google.firebase.iid.Registrar"
146-->[com.google.firebase:firebase-iid:20.2.3] AndroidManifest.xml:33:17-96
147                android:value="com.google.firebase.components.ComponentRegistrar" />
147-->[com.google.firebase:firebase-iid:20.2.3] AndroidManifest.xml:34:17-82
148            <meta-data
148-->[com.google.firebase:firebase-datatransport:17.0.3] AndroidManifest.xml:28:13-30:85
149                android:name="com.google.firebase.components:com.google.firebase.datatransport.TransportRegistrar"
149-->[com.google.firebase:firebase-datatransport:17.0.3] AndroidManifest.xml:29:17-115
150                android:value="com.google.firebase.components.ComponentRegistrar" />
150-->[com.google.firebase:firebase-datatransport:17.0.3] AndroidManifest.xml:30:17-82
151            <meta-data
151-->[com.google.firebase:firebase-installations:16.3.3] AndroidManifest.xml:17:13-19:85
152                android:name="com.google.firebase.components:com.google.firebase.installations.FirebaseInstallationsRegistrar"
152-->[com.google.firebase:firebase-installations:16.3.3] AndroidManifest.xml:18:17-127
153                android:value="com.google.firebase.components.ComponentRegistrar" />
153-->[com.google.firebase:firebase-installations:16.3.3] AndroidManifest.xml:19:17-82
154        </service>
155
156        <activity
156-->[com.google.firebase:firebase-auth:19.3.2] AndroidManifest.xml:24:9-31:50
157            android:name="com.google.firebase.auth.internal.FederatedSignInActivity"
157-->[com.google.firebase:firebase-auth:19.3.2] AndroidManifest.xml:25:13-85
158            android:excludeFromRecents="true"
158-->[com.google.firebase:firebase-auth:19.3.2] AndroidManifest.xml:26:13-46
159            android:exported="true"
159-->[com.google.firebase:firebase-auth:19.3.2] AndroidManifest.xml:27:13-36
160            android:launchMode="singleTask"
160-->[com.google.firebase:firebase-auth:19.3.2] AndroidManifest.xml:28:13-44
161            android:permission="com.google.firebase.auth.api.gms.permission.LAUNCH_FEDERATED_SIGN_IN"
161-->[com.google.firebase:firebase-auth:19.3.2] AndroidManifest.xml:29:13-102
162            android:theme="@android:style/Theme.Translucent.NoTitleBar" />
162-->[com.google.firebase:firebase-auth:19.3.2] AndroidManifest.xml:30:13-72
163        <!--
164             FirebaseMessagingService performs security checks at runtime,
165             but set to not exported to explicitly avoid allowing another app to call it.
166        -->
167        <service
167-->[com.google.firebase:firebase-messaging:20.2.4] AndroidManifest.xml:28:9-35:19
168            android:name="com.google.firebase.messaging.FirebaseMessagingService"
168-->[com.google.firebase:firebase-messaging:20.2.4] AndroidManifest.xml:29:13-82
169            android:directBootAware="true"
169-->[com.google.firebase:firebase-messaging:20.2.4] AndroidManifest.xml:30:13-43
170            android:exported="false" >
170-->[com.google.firebase:firebase-messaging:20.2.4] AndroidManifest.xml:31:13-37
171            <intent-filter android:priority="-500" >
171-->src\main\AndroidManifest.xml:97:13-99:29
172                <action android:name="com.google.firebase.MESSAGING_EVENT" />
172-->src\main\AndroidManifest.xml:98:17-78
172-->src\main\AndroidManifest.xml:98:25-75
173            </intent-filter>
174        </service>
175
176        <provider
176-->[com.iceteck.silicompressorr:silicompressor:2.2.3] AndroidManifest.xml:18:9-26:20
177            android:name="com.iceteck.silicompressorr.provider.GenericFileProvider"
177-->[com.iceteck.silicompressorr:silicompressor:2.2.3] AndroidManifest.xml:19:13-84
178            android:authorities="com.example.poetrious.iceteck.silicompressor.provider"
178-->[com.iceteck.silicompressorr:silicompressor:2.2.3] AndroidManifest.xml:20:13-83
179            android:exported="false"
179-->[com.iceteck.silicompressorr:silicompressor:2.2.3] AndroidManifest.xml:21:13-37
180            android:grantUriPermissions="true" >
180-->[com.iceteck.silicompressorr:silicompressor:2.2.3] AndroidManifest.xml:22:13-47
181            <meta-data
181-->src\main\AndroidManifest.xml:108:13-110:58
182                android:name="android.support.FILE_PROVIDER_PATHS"
182-->src\main\AndroidManifest.xml:109:17-67
183                android:resource="@xml/provider_paths" />
183-->src\main\AndroidManifest.xml:110:17-55
184        </provider>
185
186        <receiver
186-->[com.google.firebase:firebase-iid:20.2.3] AndroidManifest.xml:37:9-44:20
187            android:name="com.google.firebase.iid.FirebaseInstanceIdReceiver"
187-->[com.google.firebase:firebase-iid:20.2.3] AndroidManifest.xml:38:13-78
188            android:exported="true"
188-->[com.google.firebase:firebase-iid:20.2.3] AndroidManifest.xml:39:13-36
189            android:permission="com.google.android.c2dm.permission.SEND" >
189-->[com.google.firebase:firebase-iid:20.2.3] AndroidManifest.xml:40:13-73
190            <intent-filter>
190-->[com.google.firebase:firebase-iid:20.2.3] AndroidManifest.xml:41:13-43:29
191                <action android:name="com.google.android.c2dm.intent.RECEIVE" />
191-->[com.google.firebase:firebase-iid:20.2.3] AndroidManifest.xml:42:17-81
191-->[com.google.firebase:firebase-iid:20.2.3] AndroidManifest.xml:42:25-78
192            </intent-filter>
193        </receiver>
194
195        <provider
195-->[com.google.firebase:firebase-common:19.3.0] AndroidManifest.xml:26:9-30:39
196            android:name="com.google.firebase.provider.FirebaseInitProvider"
196-->[com.google.firebase:firebase-common:19.3.0] AndroidManifest.xml:27:13-77
197            android:authorities="com.example.poetrious.firebaseinitprovider"
197-->[com.google.firebase:firebase-common:19.3.0] AndroidManifest.xml:28:13-72
198            android:exported="false"
198-->[com.google.firebase:firebase-common:19.3.0] AndroidManifest.xml:29:13-37
199            android:initOrder="100" />
199-->[com.google.firebase:firebase-common:19.3.0] AndroidManifest.xml:30:13-36
200
201        <activity
201-->[com.google.android.gms:play-services-base:17.1.0] AndroidManifest.xml:23:9-26:75
202            android:name="com.google.android.gms.common.api.GoogleApiActivity"
202-->[com.google.android.gms:play-services-base:17.1.0] AndroidManifest.xml:24:13-79
203            android:exported="false"
203-->[com.google.android.gms:play-services-base:17.1.0] AndroidManifest.xml:25:13-37
204            android:theme="@android:style/Theme.Translucent.NoTitleBar" />
204-->[com.google.android.gms:play-services-base:17.1.0] AndroidManifest.xml:26:13-72
205
206        <meta-data
206-->[com.google.android.gms:play-services-basement:17.0.0] AndroidManifest.xml:23:9-25:69
207            android:name="com.google.android.gms.version"
207-->[com.google.android.gms:play-services-basement:17.0.0] AndroidManifest.xml:24:13-58
208            android:value="@integer/google_play_services_version" />
208-->[com.google.android.gms:play-services-basement:17.0.0] AndroidManifest.xml:25:13-66
209
210        <service
210-->[com.google.android.datatransport:transport-backend-cct:2.2.0] AndroidManifest.xml:29:9-35:19
211            android:name="com.google.android.datatransport.runtime.backends.TransportBackendDiscovery"
211-->[com.google.android.datatransport:transport-backend-cct:2.2.0] AndroidManifest.xml:30:13-103
212            android:exported="false" >
212-->[com.google.android.datatransport:transport-backend-cct:2.2.0] AndroidManifest.xml:31:13-37
213            <meta-data
213-->[com.google.android.datatransport:transport-backend-cct:2.2.0] AndroidManifest.xml:32:13-34:39
214                android:name="backend:com.google.android.datatransport.cct.CctBackendFactory"
214-->[com.google.android.datatransport:transport-backend-cct:2.2.0] AndroidManifest.xml:33:17-94
215                android:value="cct" />
215-->[com.google.android.datatransport:transport-backend-cct:2.2.0] AndroidManifest.xml:34:17-36
216        </service>
217        <service
217-->[com.google.android.datatransport:transport-runtime:2.2.0] AndroidManifest.xml:26:9-30:19
218            android:name="com.google.android.datatransport.runtime.scheduling.jobscheduling.JobInfoSchedulerService"
218-->[com.google.android.datatransport:transport-runtime:2.2.0] AndroidManifest.xml:27:13-117
219            android:exported="false"
219-->[com.google.android.datatransport:transport-runtime:2.2.0] AndroidManifest.xml:28:13-37
220            android:permission="android.permission.BIND_JOB_SERVICE" >
220-->[com.google.android.datatransport:transport-runtime:2.2.0] AndroidManifest.xml:29:13-69
221        </service>
222
223        <receiver
223-->[com.google.android.datatransport:transport-runtime:2.2.0] AndroidManifest.xml:32:9-34:40
224            android:name="com.google.android.datatransport.runtime.scheduling.jobscheduling.AlarmManagerSchedulerBroadcastReceiver"
224-->[com.google.android.datatransport:transport-runtime:2.2.0] AndroidManifest.xml:33:13-132
225            android:exported="false" />
225-->[com.google.android.datatransport:transport-runtime:2.2.0] AndroidManifest.xml:34:13-37
226    </application>
227
228</manifest>